[Mon Jun 26 20:58:44 CEST 2023] [INFO] 
  __  __   ____     ____ 
 |  \/  | / ___|   / ___|
 | |\/| | \___ \  | |    
 | |  | |  ___) | | |___ 
 |_|  |_| |____/   \____|
                         
[Mon Jun 26 20:58:45 CEST 2023] [INFO] by BTE Germany
[Mon Jun 26 20:58:45 CEST 2023] [INFO] Test
[Mon Jun 26 20:58:57 CEST 2023] [INFO] Selected world: Build The Earth (new projection)
[Mon Jun 26 20:59:01 CEST 2023] [INFO] Analyzing Files in CubicChunks Format.
[Mon Jun 26 20:59:01 CEST 2023] [SEVERE] Out of Projection Bounds. This should not happen. Please report this to the BTE Team.
[Mon Jun 26 20:59:07 CEST 2023] [INFO] Selected world: hamburg
[Mon Jun 26 20:59:08 CEST 2023] [INFO] Analyzing Files in CubicChunks Format.
[Mon Jun 26 21:00:49 CEST 2023] [INFO] 
  __  __   ____     ____ 
 |  \/  | / ___|   / ___|
 | |\/| | \___ \  | |    
 | |  | |  ___) | | |___ 
 |_|  |_| |____/   \____|
                         
[Mon Jun 26 21:00:49 CEST 2023] [INFO] by BTE Germany
[Mon Jun 26 21:00:49 CEST 2023] [INFO] Starting Programm...
[Mon Jun 26 21:00:56 CEST 2023] [INFO] Selected world: hamburg
[Mon Jun 26 21:00:59 CEST 2023] [INFO] Analyzing Files in CubicChunks Format.
[Mon Jun 26 21:01:56 CEST 2023] [INFO] 
  __  __   ____     ____ 
 |  \/  | / ___|   / ___|
 | |\/| | \___ \  | |    
 | |  | |  ___) | | |___ 
 |_|  |_| |____/   \____|
                         
[Mon Jun 26 21:01:56 CEST 2023] [INFO] by BTE Germany
[Mon Jun 26 21:01:56 CEST 2023] [INFO] Starting Programm...
[Mon Jun 26 21:02:12 CEST 2023] [INFO] Selected world: hamburg
[Mon Jun 26 21:02:15 CEST 2023] [INFO] Analyzing Files in CubicChunks Format.
[Mon Jun 26 21:03:35 CEST 2023] [INFO] 
  __  __   ____     ____ 
 |  \/  | / ___|   / ___|
 | |\/| | \___ \  | |    
 | |  | |  ___) | | |___ 
 |_|  |_| |____/   \____|
                         
[Mon Jun 26 21:03:35 CEST 2023] [INFO] by BTE Germany
[Mon Jun 26 21:03:35 CEST 2023] [INFO] Starting Programm...
[Mon Jun 26 21:03:42 CEST 2023] [INFO] Selected world: hamburg
[Mon Jun 26 21:03:45 CEST 2023] [INFO] Analyzing Files in CubicChunks Format.
[Mon Jun 26 21:03:45 CEST 2023] [INFO] Found 93 Region Files.
[Mon Jun 26 21:13:44 CEST 2023] [INFO] 
  __  __   ____     ____ 
 |  \/  | / ___|   / ___|
 | |\/| | \___ \  | |    
 | |  | |  ___) | | |___ 
 |_|  |_| |____/   \____|
                         
[Mon Jun 26 21:13:44 CEST 2023] [INFO] by BTE Germany
[Mon Jun 26 21:13:44 CEST 2023] [INFO] Starting Programm...
[Mon Jun 26 21:13:53 CEST 2023] [INFO] Selected world: hamburg
[Mon Jun 26 21:13:57 CEST 2023] [INFO] Analyzing Files in CubicChunks Format.
[Mon Jun 26 21:13:57 CEST 2023] [INFO] Found 93 Region Files.
[Mon Jun 26 21:14:56 CEST 2023] [INFO] 
  __  __   ____     ____ 
 |  \/  | / ___|   / ___|
 | |\/| | \___ \  | |    
 | |  | |  ___) | | |___ 
 |_|  |_| |____/   \____|
                         
[Mon Jun 26 21:14:56 CEST 2023] [INFO] by BTE Germany
[Mon Jun 26 21:14:56 CEST 2023] [INFO] Starting Programm...
[Mon Jun 26 21:15:03 CEST 2023] [INFO] Selected world: hamburg
[Mon Jun 26 21:15:06 CEST 2023] [INFO] Analyzing Files in CubicChunks Format.
[Mon Jun 26 21:15:06 CEST 2023] [INFO] Found 93 Region Files.
[Mon Jun 26 21:20:49 CEST 2023] [INFO] 
  __  __   ____     ____ 
 |  \/  | / ___|   / ___|
 | |\/| | \___ \  | |    
 | |  | |  ___) | | |___ 
 |_|  |_| |____/   \____|
                         
[Mon Jun 26 21:20:49 CEST 2023] [INFO] by BTE Germany
[Mon Jun 26 21:20:49 CEST 2023] [INFO] Starting Programm...
[Mon Jun 26 21:20:56 CEST 2023] [INFO] Selected world: hamburg
[Mon Jun 26 21:20:58 CEST 2023] [INFO] Analyzing Files in CubicChunks Format.
[Mon Jun 26 21:20:59 CEST 2023] [INFO] Found 93 Region Files.
[Mon Jun 26 21:23:33 CEST 2023] [INFO] 
  __  __   ____     ____ 
 |  \/  | / ___|   / ___|
 | |\/| | \___ \  | |    
 | |  | |  ___) | | |___ 
 |_|  |_| |____/   \____|
                         
[Mon Jun 26 21:23:33 CEST 2023] [INFO] by BTE Germany
[Mon Jun 26 21:23:33 CEST 2023] [INFO] Starting Programm...
[Mon Jun 26 21:23:43 CEST 2023] [INFO] Selected world: hamburg
[Mon Jun 26 21:23:58 CEST 2023] [INFO] Analyzing Files in CubicChunks Format.
[Mon Jun 26 21:23:58 CEST 2023] [INFO] Found 93 Region Files.
[Mon Jun 26 21:28:47 CEST 2023] [INFO] 
  __  __   ____     ____ 
 |  \/  | / ___|   / ___|
 | |\/| | \___ \  | |    
 | |  | |  ___) | | |___ 
 |_|  |_| |____/   \____|
                         
[Mon Jun 26 21:28:47 CEST 2023] [INFO] by BTE Germany
[Mon Jun 26 21:28:47 CEST 2023] [INFO] Starting Programm...
[Mon Jun 26 21:28:55 CEST 2023] [INFO] Selected world: hamburg
[Mon Jun 26 21:29:00 CEST 2023] [INFO] Analyzing Files in CubicChunks Format.
[Mon Jun 26 21:29:00 CEST 2023] [INFO] Found 93 Region Files.
[Mon Jun 26 21:39:13 CEST 2023] [INFO] 
  __  __   ____     ____ 
 |  \/  | / ___|   / ___|
 | |\/| | \___ \  | |    
 | |  | |  ___) | | |___ 
 |_|  |_| |____/   \____|
                         
[Mon Jun 26 21:39:13 CEST 2023] [INFO] by BTE Germany
[Mon Jun 26 21:39:13 CEST 2023] [INFO] Starting Programm...
[Mon Jun 26 21:39:21 CEST 2023] [INFO] Selected world: hamburg
[Mon Jun 26 21:39:24 CEST 2023] [INFO] Analyzing Files in CubicChunks Format.
[Mon Jun 26 21:39:24 CEST 2023] [INFO] Found 93 Region Files.
[Mon Jun 26 22:01:41 CEST 2023] [INFO] 
  __  __   ____     ____ 
 |  \/  | / ___|   / ___|
 | |\/| | \___ \  | |    
 | |  | |  ___) | | |___ 
 |_|  |_| |____/   \____|
                         
[Mon Jun 26 22:01:41 CEST 2023] [INFO] by BTE Germany
[Mon Jun 26 22:01:41 CEST 2023] [INFO] Starting Programm...
[Mon Jun 26 22:01:47 CEST 2023] [INFO] Selected world: hamburg
[Mon Jun 26 22:01:50 CEST 2023] [INFO] Analyzing Files in CubicChunks Format.
[Mon Jun 26 22:01:50 CEST 2023] [INFO] Found 93 Region Files.
[Mon Jun 26 22:09:00 CEST 2023] [INFO] 
  __  __   ____     ____ 
 |  \/  | / ___|   / ___|
 | |\/| | \___ \  | |    
 | |  | |  ___) | | |___ 
 |_|  |_| |____/   \____|
                         
[Mon Jun 26 22:09:00 CEST 2023] [INFO] by BTE Germany
[Mon Jun 26 22:09:00 CEST 2023] [INFO] Starting Programm...
[Mon Jun 26 22:09:07 CEST 2023] [INFO] Selected world: hamburg
[Mon Jun 26 22:09:10 CEST 2023] [INFO] Analyzing Files in CubicChunks Format.
[Mon Jun 26 22:09:10 CEST 2023] [INFO] Found 93 Region Files.
[Mon Jun 26 22:13:56 CEST 2023] [INFO] 
  __  __   ____     ____ 
 |  \/  | / ___|   / ___|
 | |\/| | \___ \  | |    
 | |  | |  ___) | | |___ 
 |_|  |_| |____/   \____|
                         
[Mon Jun 26 22:13:56 CEST 2023] [INFO] by BTE Germany
[Mon Jun 26 22:13:56 CEST 2023] [INFO] Starting Programm...
[Mon Jun 26 22:14:33 CEST 2023] [INFO] Selected world: hamburg
[Mon Jun 26 22:14:36 CEST 2023] [INFO] Analyzing Files in CubicChunks Format.
[Mon Jun 26 22:14:36 CEST 2023] [INFO] Found 93 Region Files.
[Mon Jun 26 22:18:13 CEST 2023] [INFO] 
  __  __   ____     ____ 
 |  \/  | / ___|   / ___|
 | |\/| | \___ \  | |    
 | |  | |  ___) | | |___ 
 |_|  |_| |____/   \____|
                         
[Mon Jun 26 22:18:13 CEST 2023] [INFO] by BTE Germany
[Mon Jun 26 22:18:13 CEST 2023] [INFO] Starting Programm...
[Mon Jun 26 22:18:22 CEST 2023] [INFO] Selected world: hamburg
[Mon Jun 26 22:18:26 CEST 2023] [INFO] Analyzing Files in CubicChunks Format.
[Mon Jun 26 22:18:26 CEST 2023] [INFO] Found 93 Region Files.
[Mon Jun 26 22:20:38 CEST 2023] [INFO] 
  __  __   ____     ____ 
 |  \/  | / ___|   / ___|
 | |\/| | \___ \  | |    
 | |  | |  ___) | | |___ 
 |_|  |_| |____/   \____|
                         
[Mon Jun 26 22:20:38 CEST 2023] [INFO] by BTE Germany
[Mon Jun 26 22:20:38 CEST 2023] [INFO] Starting Programm...
[Mon Jun 26 22:20:48 CEST 2023] [INFO] Selected world: hamburg
[Mon Jun 26 22:20:51 CEST 2023] [INFO] Analyzing Files in CubicChunks Format.
[Mon Jun 26 22:20:51 CEST 2023] [INFO] Found 93 Region Files.
[Mon Jun 26 22:22:15 CEST 2023] [INFO] 
  __  __   ____     ____ 
 |  \/  | / ___|   / ___|
 | |\/| | \___ \  | |    
 | |  | |  ___) | | |___ 
 |_|  |_| |____/   \____|
                         
[Mon Jun 26 22:22:15 CEST 2023] [INFO] by BTE Germany
[Mon Jun 26 22:22:15 CEST 2023] [INFO] Starting Programm...
[Mon Jun 26 22:22:24 CEST 2023] [INFO] Selected world: hamburg
[Mon Jun 26 22:22:26 CEST 2023] [INFO] Analyzing Files in CubicChunks Format.
[Mon Jun 26 22:22:27 CEST 2023] [INFO] Found 93 Region Files.
[Mon Jun 26 22:26:41 CEST 2023] [INFO] 
  __  __   ____     ____ 
 |  \/  | / ___|   / ___|
 | |\/| | \___ \  | |    
 | |  | |  ___) | | |___ 
 |_|  |_| |____/   \____|
                         
[Mon Jun 26 22:26:42 CEST 2023] [INFO] by BTE Germany
[Mon Jun 26 22:26:42 CEST 2023] [INFO] Starting Programm...
[Mon Jun 26 22:26:48 CEST 2023] [INFO] Selected world: hamburg
[Mon Jun 26 22:26:51 CEST 2023] [INFO] Analyzing Files in CubicChunks Format.
[Mon Jun 26 22:26:51 CEST 2023] [INFO] Found 93 Region Files.
[Mon Jun 26 22:56:35 CEST 2023] [INFO] 
  __  __   ____     ____ 
 |  \/  | / ___|   / ___|
 | |\/| | \___ \  | |    
 | |  | |  ___) | | |___ 
 |_|  |_| |____/   \____|
                         
[Mon Jun 26 22:56:35 CEST 2023] [INFO] by BTE Germany
[Mon Jun 26 22:56:35 CEST 2023] [INFO] Starting Programm...
[Mon Jun 26 22:56:54 CEST 2023] [INFO] Selected world: Build The Earth (new projection)
[Mon Jun 26 22:56:58 CEST 2023] [INFO] Analyzing Files in CubicChunks Format.
[Mon Jun 26 22:56:58 CEST 2023] [SEVERE] Out of Projection Bounds. This should not happen. Please report this to the BTE Team.
[Mon Jun 26 22:57:03 CEST 2023] [INFO] Selected world: hamburg
[Mon Jun 26 22:57:04 CEST 2023] [INFO] Analyzing Files in CubicChunks Format.
[Mon Jun 26 22:57:05 CEST 2023] [INFO] Found 93 Region Files.
[Mon Jun 26 22:57:25 CEST 2023] [INFO] 
  __  __   ____     ____ 
 |  \/  | / ___|   / ___|
 | |\/| | \___ \  | |    
 | |  | |  ___) | | |___ 
 |_|  |_| |____/   \____|
                         
[Mon Jun 26 22:57:26 CEST 2023] [INFO] by BTE Germany
[Mon Jun 26 22:57:26 CEST 2023] [INFO] Starting Programm...
[Mon Jun 26 22:58:11 CEST 2023] [INFO] 
  __  __   ____     ____ 
 |  \/  | / ___|   / ___|
 | |\/| | \___ \  | |    
 | |  | |  ___) | | |___ 
 |_|  |_| |____/   \____|
                         
[Mon Jun 26 22:58:11 CEST 2023] [INFO] by BTE Germany
[Mon Jun 26 22:58:11 CEST 2023] [INFO] Starting Programm...
[Mon Jun 26 22:58:19 CEST 2023] [INFO] Selected world: hamburg
[Mon Jun 26 22:58:22 CEST 2023] [INFO] Analyzing Files in CubicChunks Format.
[Mon Jun 26 22:58:22 CEST 2023] [INFO] Found 93 Region Files.
[Mon Jun 26 22:59:51 CEST 2023] [INFO] 
  __  __   ____     ____ 
 |  \/  | / ___|   / ___|
 | |\/| | \___ \  | |    
 | |  | |  ___) | | |___ 
 |_|  |_| |____/   \____|
                         
[Mon Jun 26 22:59:51 CEST 2023] [INFO] by BTE Germany
[Mon Jun 26 22:59:51 CEST 2023] [INFO] Starting Programm...
[Mon Jun 26 23:00:10 CEST 2023] [INFO] Selected world: hamburg
[Mon Jun 26 23:00:13 CEST 2023] [INFO] Analyzing Files in CubicChunks Format.
[Mon Jun 26 23:00:13 CEST 2023] [INFO] Found 93 Region Files.
[Mon Jun 26 23:01:44 CEST 2023] [INFO] 
  __  __   ____     ____ 
 |  \/  | / ___|   / ___|
 | |\/| | \___ \  | |    
 | |  | |  ___) | | |___ 
 |_|  |_| |____/   \____|
                         
[Mon Jun 26 23:01:45 CEST 2023] [INFO] by BTE Germany
[Mon Jun 26 23:01:45 CEST 2023] [INFO] Starting Programm...
[Mon Jun 26 23:01:51 CEST 2023] [INFO] Selected world: hamburg
[Mon Jun 26 23:01:53 CEST 2023] [INFO] Analyzing Files in CubicChunks Format.
[Mon Jun 26 23:01:53 CEST 2023] [INFO] Found 93 Region Files.
[Mon Jun 26 23:03:08 CEST 2023] [INFO] 
  __  __   ____     ____ 
 |  \/  | / ___|   / ___|
 | |\/| | \___ \  | |    
 | |  | |  ___) | | |___ 
 |_|  |_| |____/   \____|
                         
[Mon Jun 26 23:03:08 CEST 2023] [INFO] by BTE Germany
[Mon Jun 26 23:03:08 CEST 2023] [INFO] Starting Programm...
[Mon Jun 26 23:03:32 CEST 2023] [INFO] Selected world: hamburg
[Mon Jun 26 23:03:34 CEST 2023] [INFO] Analyzing Files in CubicChunks Format.
[Mon Jun 26 23:03:35 CEST 2023] [INFO] Found 100 Region Files for Hamburg.
[Mon Jun 26 23:03:35 CEST 2023] [INFO] Found 93 Region Files.
[Mon Jun 26 23:06:05 CEST 2023] [INFO] 
  __  __   ____     ____ 
 |  \/  | / ___|   / ___|
 | |\/| | \___ \  | |    
 | |  | |  ___) | | |___ 
 |_|  |_| |____/   \____|
                         
[Mon Jun 26 23:06:05 CEST 2023] [INFO] by BTE Germany
[Mon Jun 26 23:06:05 CEST 2023] [INFO] Starting Programm...
[Mon Jun 26 23:11:31 CEST 2023] [INFO] 
  __  __   ____     ____ 
 |  \/  | / ___|   / ___|
 | |\/| | \___ \  | |    
 | |  | |  ___) | | |___ 
 |_|  |_| |____/   \____|
                         
[Mon Jun 26 23:11:32 CEST 2023] [INFO] by BTE Germany
[Mon Jun 26 23:11:32 CEST 2023] [INFO] Starting Programm...
[Mon Jun 26 23:11:37 CEST 2023] [INFO] Selected world: hamburg
[Mon Jun 26 23:11:42 CEST 2023] [INFO] Analyzing Files in CubicChunks Format.
[Mon Jun 26 23:11:42 CEST 2023] [INFO] 100% of the region files are in Deutschland.
[Mon Jun 26 23:11:42 CEST 2023] [INFO] Found 93 Region Files.
[Mon Jun 26 23:11:54 CEST 2023] [INFO] Selected world: hamburg
[Mon Jun 26 23:11:57 CEST 2023] [INFO] Analyzing Files in CubicChunks Format.
[Mon Jun 26 23:11:57 CEST 2023] [INFO] 100% of the region files are in Hamburg.
[Mon Jun 26 23:11:57 CEST 2023] [INFO] Found 93 Region Files.
[Mon Jun 26 23:19:39 CEST 2023] [INFO] 
  __  __   ____     ____ 
 |  \/  | / ___|   / ___|
 | |\/| | \___ \  | |    
 | |  | |  ___) | | |___ 
 |_|  |_| |____/   \____|
                         
[Mon Jun 26 23:19:39 CEST 2023] [INFO] by BTE Germany
[Mon Jun 26 23:19:39 CEST 2023] [INFO] Starting Programm...
[Mon Jun 26 23:19:47 CEST 2023] [INFO] Selected world: hamburg
[Mon Jun 26 23:19:51 CEST 2023] [INFO] Analyzing Files in CubicChunks Format.
[Mon Jun 26 23:19:51 CEST 2023] [INFO] 100% of the region files are in Hamburg.
[Mon Jun 26 23:19:51 CEST 2023] [INFO] Found 93 Region Files.
[Mon Jun 26 23:19:55 CEST 2023] [INFO] Analyzing Files in CubicChunks Format.
[Mon Jun 26 23:19:55 CEST 2023] [INFO] 100% of the region files are in Deutschland.
[Mon Jun 26 23:19:55 CEST 2023] [INFO] Found 93 Region Files.
[Mon Jun 26 23:19:57 CEST 2023] [INFO] Analyzing Files in CubicChunks Format.
[Mon Jun 26 23:19:57 CEST 2023] [INFO] 100% of the region files are in Hamburg.
[Mon Jun 26 23:19:57 CEST 2023] [INFO] Found 93 Region Files.
[Mon Jun 26 23:20:00 CEST 2023] [INFO] Analyzing Files in CubicChunks Format.
[Mon Jun 26 23:20:00 CEST 2023] [INFO] 100% of the region files are in Deutschland.
[Mon Jun 26 23:20:00 CEST 2023] [INFO] Found 93 Region Files.
[Mon Jun 26 23:20:03 CEST 2023] [INFO] Analyzing Files in CubicChunks Format.
[Mon Jun 26 23:20:03 CEST 2023] [INFO] 100% of the region files are in Hamburg.
[Mon Jun 26 23:20:03 CEST 2023] [INFO] Found 93 Region Files.
[Mon Jun 26 23:24:50 CEST 2023] [INFO] 
  __  __   ____     ____ 
 |  \/  | / ___|   / ___|
 | |\/| | \___ \  | |    
 | |  | |  ___) | | |___ 
 |_|  |_| |____/   \____|
                         
[Mon Jun 26 23:24:50 CEST 2023] [INFO] by BTE Germany
[Mon Jun 26 23:24:50 CEST 2023] [INFO] Starting Programm...
[Mon Jun 26 23:24:58 CEST 2023] [INFO] Selected world: hamburg
[Mon Jun 26 23:25:00 CEST 2023] [INFO] Analyzing Files in CubicChunks Format.
[Mon Jun 26 23:28:32 CEST 2023] [INFO] Selected world: hamburg
[Mon Jun 26 23:28:34 CEST 2023] [INFO] Analyzing Files in CubicChunks Format.
[Mon Jun 26 23:28:34 CEST 2023] [INFO] 100% of the region files are in Deutschland.
[Mon Jun 26 23:28:34 CEST 2023] [INFO] Found 93 Region Files.
[Mon Jun 26 23:28:52 CEST 2023] [INFO] Selected world: hamburg
[Mon Jun 26 23:29:03 CEST 2023] [INFO] Analyzing Files in CubicChunks Format.
[Mon Jun 26 23:29:03 CEST 2023] [INFO] 100% of the region files are in Hamburg.
[Mon Jun 26 23:29:03 CEST 2023] [INFO] Found 93 Region Files.
